[Sat May 21 20:38:59 2022][WRN][Hello world]
[Sat May 21 20:38:59 2022][INF][Infor message .....]
[Sat May 21 20:38:59 2022][INF][Infor message 3 - 5 - 10.....]
[Sat May 21 20:38:59 2022][DBG][Debug message 3 - 5 - 10.....]
[Sat May 21 20:38:59 2022][ERR][Error message 3 - 5 - 10.....]
[Sat May 21 20:39:09 2022][WRN][Hello world]
[Sat May 21 20:39:09 2022][INF][Infor message .....]
[Sat May 21 20:39:09 2022][INF][Infor message 3 - 5 - 10.....]
[Sat May 21 20:39:09 2022][DBG][Debug message 3 - 5 - 10.....]
[Sat May 21 20:39:09 2022][ERR][Error message 3 - 5 - 10.....]
[Sat May 21 20:39:10 2022][WRN][Hello world]
[Sat May 21 20:39:10 2022][INF][Infor message .....]
[Sat May 21 20:39:10 2022][INF][Infor message 3 - 5 - 10.....]
[Sat May 21 20:39:10 2022][DBG][Debug message 3 - 5 - 10.....]
[Sat May 21 20:39:10 2022][ERR][Error message 3 - 5 - 10.....]
[Sat May 21 20:52:03 2022][WRN][Hello world]
[Sat May 21 20:52:03 2022][INF][Infor message .....]
[Sat May 21 20:52:03 2022][INF][Infor message 3 - 5 - 10.....]
[Sat May 21 20:52:03 2022][DBG][Debug message 3 - 5 - 10.....]
[Sat May 21 20:52:03 2022][ERR][Error message 3 - 5 - 10.....]
