The system is: Linux - 4.4.0-19041-Microsoft - x86_64
Compiling the C compiler identification source file "CMakeCCompilerId.c" succeeded.
Compiler: /usr/bin/cc 
Build flags: 
Id flags:  

The output was:
0


Compilation of the C compiler identification source "CMakeCCompilerId.c" produced "a.out"

The C compiler identification is GNU, found in "/mnt/f/DocumentByMaking/Cpp_Challenge/build/CMakeFiles/3.16.3/CompilerIdC/a.out"

Compiling the CXX compiler identification source file "CMakeCXXCompilerId.cpp" succeeded.
Compiler: /usr/bin/c++ 
Build flags: 
Id flags:  

The output was:
0


Compilation of the CXX compiler identification source "CMakeCXXCompilerId.cpp" produced "a.out"

The CXX compiler identification is GNU, found in "/mnt/f/DocumentByMaking/Cpp_Challenge/build/CMakeFiles/3.16.3/CompilerIdCXX/a.out"

Determining if the C compiler works passed with the following output:
Change Dir: /mnt/f/DocumentByMaking/Cpp_Challenge/build/CMakeFiles/CMakeTmp

Run Build Command(s):/usr/bin/make cmTC_1f5b3/fast && /usr/bin/make -f CMakeFiles/cmTC_1f5b3.dir/build.make CMakeFiles/cmTC_1f5b3.dir/build
make[1]: Entering directory '/mnt/f/DocumentByMaking/Cpp_Challenge/build/CMakeFiles/CMakeTmp'
Building C object CMakeFiles/cmTC_1f5b3.dir/testCCompiler.c.o
/usr/bin/cc    -o CMakeFiles/cmTC_1f5b3.dir/testCCompiler.c.o   -c /mnt/f/DocumentByMaking/Cpp_Challenge/build/CMakeFiles/CMakeTmp/testCCompiler.c
Linking C executable cmTC_1f5b3
/usr/bin/cmake -E cmake_link_script CMakeFiles/cmTC_1f5b3.dir/link.txt --verbose=1
/usr/bin/cc      -rdynamic CMakeFiles/cmTC_1f5b3.dir/testCCompiler.c.o  -o cmTC_1f5b3 
make[1]: Leaving directory '/mnt/f/DocumentByMaking/Cpp_Challenge/build/CMakeFiles/CMakeTmp'



Determining if the CXX compiler works passed with the following output:
Change Dir: /mnt/f/DocumentByMaking/Cpp_Challenge/build/CMakeFiles/CMakeTmp

Run Build Command(s):/usr/bin/make cmTC_42967/fast && /usr/bin/make -f CMakeFiles/cmTC_42967.dir/build.make CMakeFiles/cmTC_42967.dir/build
make[1]: Entering directory '/mnt/f/DocumentByMaking/Cpp_Challenge/build/CMakeFiles/CMakeTmp'
Building CXX object CMakeFiles/cmTC_42967.dir/testCXXCompiler.cxx.o
/usr/bin/c++     -o CMakeFiles/cmTC_42967.dir/testCXXCompiler.cxx.o -c /mnt/f/DocumentByMaking/Cpp_Challenge/build/CMakeFiles/CMakeTmp/testCXXCompiler.cxx
Linking CXX executable cmTC_42967
/usr/bin/cmake -E cmake_link_script CMakeFiles/cmTC_42967.dir/link.txt --verbose=1
/usr/bin/c++       -rdynamic CMakeFiles/cmTC_42967.dir/testCXXCompiler.cxx.o  -o cmTC_42967 
make[1]: Leaving directory '/mnt/f/DocumentByMaking/Cpp_Challenge/build/CMakeFiles/CMakeTmp'



Determining if the include file pthread.h exists passed with the following output:
Change Dir: /mnt/f/DocumentByMaking/Cpp_Challenge/build/CMakeFiles/CMakeTmp

Run Build Command(s):/usr/bin/make cmTC_b05f0/fast && /usr/bin/make -f CMakeFiles/cmTC_b05f0.dir/build.make CMakeFiles/cmTC_b05f0.dir/build
make[1]: Entering directory '/mnt/f/DocumentByMaking/Cpp_Challenge/build/CMakeFiles/CMakeTmp'
Building C object CMakeFiles/cmTC_b05f0.dir/CheckIncludeFile.c.o
/usr/bin/cc    -o CMakeFiles/cmTC_b05f0.dir/CheckIncludeFile.c.o   -c /mnt/f/DocumentByMaking/Cpp_Challenge/build/CMakeFiles/CMakeTmp/CheckIncludeFile.c
Linking C executable cmTC_b05f0
/usr/bin/cmake -E cmake_link_script CMakeFiles/cmTC_b05f0.dir/link.txt --verbose=1
/usr/bin/cc      -rdynamic CMakeFiles/cmTC_b05f0.dir/CheckIncludeFile.c.o  -o cmTC_b05f0 
make[1]: Leaving directory '/mnt/f/DocumentByMaking/Cpp_Challenge/build/CMakeFiles/CMakeTmp'



Determining if the function pthread_create exists in the pthread passed with the following output:
Change Dir: /mnt/f/DocumentByMaking/Cpp_Challenge/build/CMakeFiles/CMakeTmp

Run Build Command(s):/usr/bin/make cmTC_dd8d6/fast && /usr/bin/make -f CMakeFiles/cmTC_dd8d6.dir/build.make CMakeFiles/cmTC_dd8d6.dir/build
make[1]: Entering directory '/mnt/f/DocumentByMaking/Cpp_Challenge/build/CMakeFiles/CMakeTmp'
Building C object CMakeFiles/cmTC_dd8d6.dir/CheckFunctionExists.c.o
/usr/bin/cc   -DCHECK_FUNCTION_EXISTS=pthread_create   -o CMakeFiles/cmTC_dd8d6.dir/CheckFunctionExists.c.o   -c /usr/share/cmake-3.16/Modules/CheckFunctionExists.c
Linking C executable cmTC_dd8d6
/usr/bin/cmake -E cmake_link_script CMakeFiles/cmTC_dd8d6.dir/link.txt --verbose=1
/usr/bin/cc  -DCHECK_FUNCTION_EXISTS=pthread_create    -rdynamic CMakeFiles/cmTC_dd8d6.dir/CheckFunctionExists.c.o  -o cmTC_dd8d6  -lpthread 
make[1]: Leaving directory '/mnt/f/DocumentByMaking/Cpp_Challenge/build/CMakeFiles/CMakeTmp'



